# JRE version: Java(TM) SE Runtime Environment (13.0.1+9) (build 13.0.1+9)
# Java VM: Java HotSpot(TM) 64-Bit Server VM (13.0.1+9, mixed mode, sharing, tiered, compressed oops, g1 gc, windows-amd64)
Heap:
 garbage-first heap   total 65536K, used 36514K [0x0000000081e00000, 0x0000000100000000)
  region size 1024K, 11 young (11264K), 1 survivors (1024K)
 Metaspace       used 53099K, capacity 54920K, committed 55160K, reserved 1095680K
  class space    used 7308K, capacity 7962K, committed 8064K, reserved 1048576K
GC Heap History (20 events):
Event: 12639.407 GC heap before
{Heap before GC invocations=44 (full 1):
 garbage-first heap   total 65536K, used 51864K [0x0000000081e00000, 0x0000000100000000)
  region size 1024K, 26 young (26624K), 2 survivors (2048K)
 Metaspace       used 53081K, capacity 54838K, committed 55160K, reserved 1095680K
  class space    used 7303K, capacity 7958K, committed 8064K, reserved 1048576K
}
Event: 12639.410 GC heap after
{Heap after GC invocations=45 (full 1):
 garbage-first heap   total 65536K, used 27319K [0x0000000081e00000, 0x0000000100000000)
  region size 1024K, 2 young (2048K), 2 survivors (2048K)
 Metaspace       used 53081K, capacity 54838K, committed 55160K, reserved 1095680K
  class space    used 7303K, capacity 7958K, committed 8064K, reserved 1048576K
}
Event: 13205.095 GC heap before
{Heap before GC invocations=45 (full 1):
 garbage-first heap   total 65536K, used 52919K [0x0000000081e00000, 0x0000000100000000)
  region size 1024K, 27 young (27648K), 2 survivors (2048K)
 Metaspace       used 53081K, capacity 54838K, committed 55160K, reserved 1095680K
  class space    used 7303K, capacity 7958K, committed 8064K, reserved 1048576K
}
Event: 13205.105 GC heap after
{Heap after GC invocations=46 (full 1):
 garbage-first heap   total 65536K, used 27374K [0x0000000081e00000, 0x0000000100000000)
  region size 1024K, 2 young (2048K), 2 survivors (2048K)
 Metaspace       used 53081K, capacity 54838K, committed 55160K, reserved 1095680K
  class space    used 7303K, capacity 7958K, committed 8064K, reserved 1048576K
}
Event: 13773.906 GC heap before
{Heap before GC invocations=46 (full 1):
 garbage-first heap   total 65536K, used 51950K [0x0000000081e00000, 0x0000000100000000)
  region size 1024K, 26 young (26624K), 2 survivors (2048K)
 Metaspace       used 53081K, capacity 54838K, committed 55160K, reserved 1095680K
  class space    used 7303K, capacity 7958K, committed 8064K, reserved 1048576K
}
Event: 13773.936 GC heap after
{Heap after GC invocations=47 (full 1):
 garbage-first heap   total 65536K, used 27224K [0x0000000081e00000, 0x0000000100000000)
  region size 1024K, 2 young (2048K), 2 survivors (2048K)
 Metaspace       used 53081K, capacity 54838K, committed 55160K, reserved 1095680K
  class space    used 7303K, capacity 7958K, committed 8064K, reserved 1048576K
}
Event: 14331.556 GC heap before
{Heap before GC invocations=47 (full 1):
 garbage-first heap   total 65536K, used 51800K [0x0000000081e00000, 0x0000000100000000)
  region size 1024K, 26 young (26624K), 2 survivors (2048K)
 Metaspace       used 53082K, capacity 54838K, committed 55160K, reserved 1095680K
  class space    used 7303K, capacity 7958K, committed 8064K, reserved 1048576K
}
Event: 14331.571 GC heap after
{Heap after GC invocations=48 (full 1):
 garbage-first heap   total 65536K, used 27255K [0x0000000081e00000, 0x0000000100000000)
  region size 1024K, 2 young (2048K), 2 survivors (2048K)
 Metaspace       used 53082K, capacity 54838K, committed 55160K, reserved 1095680K
  class space    used 7303K, capacity 7958K, committed 8064K, reserved 1048576K
}
Event: 14883.695 GC heap before
{Heap before GC invocations=48 (full 1):
 garbage-first heap   total 65536K, used 51831K [0x0000000081e00000, 0x0000000100000000)
  region size 1024K, 27 young (27648K), 2 survivors (2048K)
 Metaspace       used 53097K, capacity 54914K, committed 55160K, reserved 1095680K
  class space    used 7308K, capacity 7960K, committed 8064K, reserved 1048576K
}
Event: 14883.710 GC heap after
{Heap after GC invocations=49 (full 1):
 garbage-first heap   total 65536K, used 27500K [0x0000000081e00000, 0x0000000100000000)
  region size 1024K, 1 young (1024K), 1 survivors (1024K)
 Metaspace       used 53097K, capacity 54914K, committed 55160K, reserved 1095680K
  class space    used 7308K, capacity 7960K, committed 8064K, reserved 1048576K
}
Event: 15470.660 GC heap before
{Heap before GC invocations=49 (full 1):
 garbage-first heap   total 65536K, used 53100K [0x0000000081e00000, 0x0000000100000000)
  region size 1024K, 26 young (26624K), 1 survivors (1024K)
 Metaspace       used 53097K, capacity 54914K, committed 55160K, reserved 1095680K
  class space    used 7308K, capacity 7960K, committed 8064K, reserved 1048576K
}
Event: 15470.689 GC heap after
{Heap after GC invocations=50 (full 1):
 garbage-first heap   total 65536K, used 27404K [0x0000000081e00000, 0x0000000100000000)
  region size 1024K, 1 young (1024K), 1 survivors (1024K)
 Metaspace       used 53097K, capacity 54914K, committed 55160K, reserved 1095680K
  class space    used 7308K, capacity 7960K, committed 8064K, reserved 1048576K
}
Event: 16064.476 GC heap before
{Heap before GC invocations=50 (full 1):
 garbage-first heap   total 65536K, used 53004K [0x0000000081e00000, 0x0000000100000000)
  region size 1024K, 26 young (26624K), 1 survivors (1024K)
 Metaspace       used 53097K, capacity 54914K, committed 55160K, reserved 1095680K
  class space    used 7308K, capacity 7960K, committed 8064K, reserved 1048576K
}
Event: 16064.506 GC heap after
{Heap after GC invocations=51 (full 1):
 garbage-first heap   total 65536K, used 27350K [0x0000000081e00000, 0x0000000100000000)
  region size 1024K, 1 young (1024K), 1 survivors (1024K)
 Metaspace       used 53097K, capacity 54914K, committed 55160K, reserved 1095680K
  class space    used 7308K, capacity 7960K, committed 8064K, reserved 1048576K
}
Event: 16645.982 GC heap before
{Heap before GC invocations=51 (full 1):
 garbage-first heap   total 65536K, used 52950K [0x0000000081e00000, 0x0000000100000000)
  region size 1024K, 26 young (26624K), 1 survivors (1024K)
 Metaspace       used 53097K, capacity 54914K, committed 55160K, reserved 1095680K
  class space    used 7308K, capacity 7960K, committed 8064K, reserved 1048576K
}
Event: 16646.034 GC heap after
{Heap after GC invocations=52 (full 1):
 garbage-first heap   total 65536K, used 27445K [0x0000000081e00000, 0x0000000100000000)
  region size 1024K, 1 young (1024K), 1 survivors (1024K)
 Metaspace       used 53097K, capacity 54914K, committed 55160K, reserved 1095680K
  class space    used 7308K, capacity 7960K, committed 8064K, reserved 1048576K
}
Event: 17225.321 GC heap before
{Heap before GC invocations=52 (full 1):
 garbage-first heap   total 65536K, used 53045K [0x0000000081e00000, 0x0000000100000000)
  region size 1024K, 26 young (26624K), 1 survivors (1024K)
 Metaspace       used 53097K, capacity 54914K, committed 55160K, reserved 1095680K
  class space    used 7308K, capacity 7960K, committed 8064K, reserved 1048576K
}
Event: 17225.421 GC heap after
{Heap after GC invocations=53 (full 1):
 garbage-first heap   total 65536K, used 27406K [0x0000000081e00000, 0x0000000100000000)
  region size 1024K, 1 young (1024K), 1 survivors (1024K)
 Metaspace       used 53097K, capacity 54914K, committed 55160K, reserved 1095680K
  class space    used 7308K, capacity 7960K, committed 8064K, reserved 1048576K
}
Event: 17819.759 GC heap before
{Heap before GC invocations=53 (full 1):
 garbage-first heap   total 65536K, used 51982K [0x0000000081e00000, 0x0000000100000000)
  region size 1024K, 26 young (26624K), 1 survivors (1024K)
 Metaspace       used 53097K, capacity 54914K, committed 55160K, reserved 1095680K
  class space    used 7308K, capacity 7960K, committed 8064K, reserved 1048576K
}
Event: 17819.863 GC heap after
{Heap after GC invocations=54 (full 1):
 garbage-first heap   total 65536K, used 27298K [0x0000000081e00000, 0x0000000100000000)
  region size 1024K, 1 young (1024K), 1 survivors (1024K)
 Metaspace       used 53097K, capacity 54914K, committed 55160K, reserved 1095680K
  class space    used 7308K, capacity 7960K, committed 8064K, reserved 1048576K
}

